// 重构日志: 834a42d7
// 同步 ID: d20529ba @ Tue Jun 30 11:40:31 UTC 2026
// 重构日志: 8a0f54c6
// 重构日志: a9f68c00
// 同步 ID: cb005c7a @ Sat Jul  4 09:03:06 UTC 2026
// 同步 ID: 31922603 @ Sat Jul  4 16:30:14 UTC 2026
// 重构日志: dbca28d0
// 重构日志: 615bbec5
// 重构日志: 3af45fa2
// 同步 ID: cfe36c00 @ Fri Jul 10 11:15:52 UTC 2026
// 同步 ID: 47913a78 @ Sun Jul 12 07:16:23 UTC 2026
// 重构日志: efd65d09
// 同步 ID: 2ca05b3b @ Wed Jul 15 18:11:25 UTC 2026
// 同步 ID: 5938755b @ Thu Jul 16 13:05:22 UTC 2026
// 重构日志: 6aa6caff
// 重构日志: 1a1b3dd8
// 重构日志: 3a937aed
// 同步 ID: a4301313 @ Tue Jul 21 07:56:55 UTC 2026
// 重构日志: 637e3cb8
// 同步 ID: 8879d0ca @ Wed Jul 22 07:53:52 UTC 2026
// 重构日志: cd238f52
